<?xml version="1.0" encoding="UTF-8"?>
<!-- Generated by org.testng.reporters.JUnitReportReporter -->
<testsuite skipped="4" hostname="DESKTOP-MD2112N" name="org.kaamchha.testcases.LoginTest" tests="4" failures="0" timestamp="30 May 2021 07:38:44 GMT" time="0.021" errors="0">
  <testcase name="Login" time="0.002" classname="org.kaamchha.testcases.LoginTest">
    <skipped/>
  </testcase> <!-- Login -->
  <testcase name="Login" time="0.015" classname="org.kaamchha.testcases.LoginTest">
    <skipped/>
  </testcase> <!-- Login -->
  <testcase name="Login" time="0.002" classname="org.kaamchha.testcases.LoginTest">
    <skipped/>
  </testcase> <!-- Login -->
  <testcase name="Login" time="0.002" classname="org.kaamchha.testcases.LoginTest">
    <skipped/>
  </testcase> <!-- Login -->
</testsuite> <!-- org.kaamchha.testcases.LoginTest -->
