<?xml version="1.0" encoding="UTF-8"?>
<!-- Generated by org.testng.reporters.JUnitReportReporter -->
<testsuite skipped="0" hostname="DESKTOP-MD2112N" name="org.kaamchha.testcases.MasonlistTest" tests="2" failures="0" timestamp="30 May 2021 07:38:44 GMT" time="82.493" errors="0">
  <testcase name="MasonLists" time="62.926" classname="org.kaamchha.testcases.MasonlistTest"/>
  <testcase name="MasonLists" time="19.567" classname="org.kaamchha.testcases.MasonlistTest"/>
</testsuite> <!-- org.kaamchha.testcases.MasonlistTest -->
