<?xml version="1.0" encoding="UTF-8"?>
<!-- Generated by org.testng.reporters.JUnitReportReporter -->
<testsuite skipped="2" hostname="DESKTOP-MD2112N" name="org.kaamchha.testcases.AllLinksTest" tests="2" failures="0" timestamp="30 May 2021 07:38:44 GMT" time="0.004" errors="0">
  <testcase name="LinkTest" time="0.002" classname="org.kaamchha.testcases.AllLinksTest">
    <skipped/>
  </testcase> <!-- LinkTest -->
  <testcase name="LinkTest" time="0.002" classname="org.kaamchha.testcases.AllLinksTest">
    <skipped/>
  </testcase> <!-- LinkTest -->
</testsuite> <!-- org.kaamchha.testcases.AllLinksTest -->
