<?xml version="1.0" encoding="UTF-8"?>
<!-- Generated by org.testng.reporters.JUnitReportReporter -->
<testsuite skipped="2" hostname="DESKTOP-MD2112N" name="org.kaamchha.testcases.MyBookingsTest" tests="2" failures="0" timestamp="30 May 2021 07:38:44 GMT" time="0.004" errors="0">
  <testcase name="MyBookings" time="0.002" classname="org.kaamchha.testcases.MyBookingsTest">
    <skipped/>
  </testcase> <!-- MyBookings -->
  <testcase name="MyBookings" time="0.002" classname="org.kaamchha.testcases.MyBookingsTest">
    <skipped/>
  </testcase> <!-- MyBookings -->
</testsuite> <!-- org.kaamchha.testcases.MyBookingsTest -->
